
--param[2017-12-26 00:33:45]--
array (
  'app_fmt' => 'json',
  'app_act' => 'taobao_api/item_quantity_sync',
)
--res[2017-12-26 00:33:45]--
'<br />
<font size=\'1\'><table class=\'xdebug-error xe-notice\' dir=\'ltr\' border=\'1\' cellspacing=\'0\' cellpadding=\'1\'>
<tr><th align=\'left\' bgcolor=\'#f57900\' colspan="5"><span style=\'background-color: #cc0000; color: #fce94f; font-size: x-large;\'>( ! )</span> Notice: Undefined offset: 1 in /Applications/XAMPP/xamppfiles/htdocs/web/camel/efast_wms/efast_api/boot/req_init.php on line <i>141</i></th></tr>
<tr><th align=\'left\' bgcolor=\'#e9b96e\' colspan=\'5\'>Call Stack</th></tr>
<tr><th align=\'center\' bgcolor=\'#eeeeec\'>#</th><th align=\'left\' bgcolor=\'#eeeeec\'>Time</th><th align=\'left\' bgcolor=\'#eeeeec\'>Memory</th><th align=\'left\' bgcolor=\'#eeeeec\'>Function</th><th align=\'left\' bgcolor=\'#eeeeec\'>Location</th></tr>
<tr><td bgcolor=\'#eeeeec\' align=\'center\'>1</td><td bgcolor=\'#eeeeec\' align=\'center\'>0.0172</td><td bgcolor=\'#eeeeec\' align=\'right\'>244776</td><td bgcolor=\'#eeeeec\'>{main}(  )</td><td title=\'/Applications/XAMPP/xamppfiles/htdocs/web/camel/efast_wms/efast_api/webservice/index.php\' bgcolor=\'#eeeeec\'>../index.php<b>:</b>0</td></tr>
<tr><td bgcolor=\'#eeeeec\' align=\'center\'>2</td><td bgcolor=\'#eeeeec\' align=\'center\'>0.0377</td><td bgcolor=\'#eeeeec\' align=\'right\'>578088</td><td bgcolor=\'#eeeeec\'>include( <font color=\'#00bb00\'>\'/Applications/XAMPP/xamppfiles/htdocs/web/camel/efast_wms/efast_api/boot/req_init.php\'</font> )</td><td title=\'/Applications/XAMPP/xamppfiles/htdocs/web/camel/efast_wms/efast_api/webservice/index.php\' bgcolor=\'#eeeeec\'>../index.php<b>:</b>18</td></tr>
<tr><td bgcolor=\'#eeeeec\' align=\'center\'>3</td><td bgcolor=\'#eeeeec\' align=\'center\'>0.0377</td><td bgcolor=\'#eeeeec\' align=\'right\'>579960</td><td bgcolor=\'#eeeeec\'>RequestContext->prepare_request_handle(  )</td><td title=\'/Applications/XAMPP/xamppfiles/htdocs/web/camel/efast_wms/efast_api/boot/req_init.php\' bgcolor=\'#eeeeec\'>../req_init.php<b>:</b>872</td></tr>
<tr><td bgcolor=\'#eeeeec\' align=\'center\'>4</td><td bgcolor=\'#eeeeec\' align=\'center\'>0.0378</td><td bgcolor=\'#eeeeec\' align=\'right\'>580328</td><td bgcolor=\'#eeeeec\'>RequestContext->parse_params_from_path(  )</td><td title=\'/Applications/XAMPP/xamppfiles/htdocs/web/camel/efast_wms/efast_api/boot/req_init.php\' bgcolor=\'#eeeeec\'>../req_init.php<b>:</b>193</td></tr>
</table></font>
'--res--END--

--param[2017-12-26 00:33:45]--
array (
  'app_fmt' => 'json',
  'app_act' => 'taobao_api/item_quantity_sync',
)
--res[2017-12-26 00:33:45]--
'<br />
<font size=\'1\'><table class=\'xdebug-error xe-notice\' dir=\'ltr\' border=\'1\' cellspacing=\'0\' cellpadding=\'1\'>
<tr><th align=\'left\' bgcolor=\'#f57900\' colspan="5"><span style=\'background-color: #cc0000; color: #fce94f; font-size: x-large;\'>( ! )</span> Notice: Undefined offset: 1 in /Applications/XAMPP/xamppfiles/htdocs/web/camel/efast_wms/efast_api/boot/req_init.php on line <i>141</i></th></tr>
<tr><th align=\'left\' bgcolor=\'#e9b96e\' colspan=\'5\'>Call Stack</th></tr>
<tr><th align=\'center\' bgcolor=\'#eeeeec\'>#</th><th align=\'left\' bgcolor=\'#eeeeec\'>Time</th><th align=\'left\' bgcolor=\'#eeeeec\'>Memory</th><th align=\'left\' bgcolor=\'#eeeeec\'>Function</th><th align=\'left\' bgcolor=\'#eeeeec\'>Location</th></tr>
<tr><td bgcolor=\'#eeeeec\' align=\'center\'>1</td><td bgcolor=\'#eeeeec\' align=\'center\'>0.0006</td><td bgcolor=\'#eeeeec\' align=\'right\'>244776</td><td bgcolor=\'#eeeeec\'>{main}(  )</td><td title=\'/Applications/XAMPP/xamppfiles/htdocs/web/camel/efast_wms/efast_api/webservice/index.php\' bgcolor=\'#eeeeec\'>../index.php<b>:</b>0</td></tr>
<tr><td bgcolor=\'#eeeeec\' align=\'center\'>2</td><td bgcolor=\'#eeeeec\' align=\'center\'>0.0029</td><td bgcolor=\'#eeeeec\' align=\'right\'>578088</td><td bgcolor=\'#eeeeec\'>include( <font color=\'#00bb00\'>\'/Applications/XAMPP/xamppfiles/htdocs/web/camel/efast_wms/efast_api/boot/req_init.php\'</font> )</td><td title=\'/Applications/XAMPP/xamppfiles/htdocs/web/camel/efast_wms/efast_api/webservice/index.php\' bgcolor=\'#eeeeec\'>../index.php<b>:</b>18</td></tr>
<tr><td bgcolor=\'#eeeeec\' align=\'center\'>3</td><td bgcolor=\'#eeeeec\' align=\'center\'>0.0030</td><td bgcolor=\'#eeeeec\' align=\'right\'>579960</td><td bgcolor=\'#eeeeec\'>RequestContext->prepare_request_handle(  )</td><td title=\'/Applications/XAMPP/xamppfiles/htdocs/web/camel/efast_wms/efast_api/boot/req_init.php\' bgcolor=\'#eeeeec\'>../req_init.php<b>:</b>872</td></tr>
<tr><td bgcolor=\'#eeeeec\' align=\'center\'>4</td><td bgcolor=\'#eeeeec\' align=\'center\'>0.0030</td><td bgcolor=\'#eeeeec\' align=\'right\'>580328</td><td bgcolor=\'#eeeeec\'>RequestContext->parse_params_from_path(  )</td><td title=\'/Applications/XAMPP/xamppfiles/htdocs/web/camel/efast_wms/efast_api/boot/req_init.php\' bgcolor=\'#eeeeec\'>../req_init.php<b>:</b>193</td></tr>
</table></font>
'--res--END--

--param[2017-12-26 00:43:30]--
array (
  'app_fmt' => 'json',
  'app_act' => 'taobao_api/item_quantity_sync',
)
--res[2017-12-26 00:43:30]--
'<br />
<font size=\'1\'><table class=\'xdebug-error xe-notice\' dir=\'ltr\' border=\'1\' cellspacing=\'0\' cellpadding=\'1\'>
<tr><th align=\'left\' bgcolor=\'#f57900\' colspan="5"><span style=\'background-color: #cc0000; color: #fce94f; font-size: x-large;\'>( ! )</span> Notice: Undefined offset: 1 in /Applications/XAMPP/xamppfiles/htdocs/web/camel/efast_wms/efast_api/boot/req_init.php on line <i>141</i></th></tr>
<tr><th align=\'left\' bgcolor=\'#e9b96e\' colspan=\'5\'>Call Stack</th></tr>
<tr><th align=\'center\' bgcolor=\'#eeeeec\'>#</th><th align=\'left\' bgcolor=\'#eeeeec\'>Time</th><th align=\'left\' bgcolor=\'#eeeeec\'>Memory</th><th align=\'left\' bgcolor=\'#eeeeec\'>Function</th><th align=\'left\' bgcolor=\'#eeeeec\'>Location</th></tr>
<tr><td bgcolor=\'#eeeeec\' align=\'center\'>1</td><td bgcolor=\'#eeeeec\' align=\'center\'>0.0009</td><td bgcolor=\'#eeeeec\' align=\'right\'>243832</td><td bgcolor=\'#eeeeec\'>{main}(  )</td><td title=\'/Applications/XAMPP/xamppfiles/htdocs/web/camel/efast_wms/efast_api/webservice/index.php\' bgcolor=\'#eeeeec\'>../index.php<b>:</b>0</td></tr>
<tr><td bgcolor=\'#eeeeec\' align=\'center\'>2</td><td bgcolor=\'#eeeeec\' align=\'center\'>0.0043</td><td bgcolor=\'#eeeeec\' align=\'right\'>566640</td><td bgcolor=\'#eeeeec\'>include( <font color=\'#00bb00\'>\'/Applications/XAMPP/xamppfiles/htdocs/web/camel/efast_wms/efast_api/boot/req_init.php\'</font> )</td><td title=\'/Applications/XAMPP/xamppfiles/htdocs/web/camel/efast_wms/efast_api/webservice/index.php\' bgcolor=\'#eeeeec\'>../index.php<b>:</b>18</td></tr>
<tr><td bgcolor=\'#eeeeec\' align=\'center\'>3</td><td bgcolor=\'#eeeeec\' align=\'center\'>0.0044</td><td bgcolor=\'#eeeeec\' align=\'right\'>568528</td><td bgcolor=\'#eeeeec\'>RequestContext->prepare_request_handle(  )</td><td title=\'/Applications/XAMPP/xamppfiles/htdocs/web/camel/efast_wms/efast_api/boot/req_init.php\' bgcolor=\'#eeeeec\'>../req_init.php<b>:</b>872</td></tr>
<tr><td bgcolor=\'#eeeeec\' align=\'center\'>4</td><td bgcolor=\'#eeeeec\' align=\'center\'>0.0044</td><td bgcolor=\'#eeeeec\' align=\'right\'>568896</td><td bgcolor=\'#eeeeec\'>RequestContext->parse_params_from_path(  )</td><td title=\'/Applications/XAMPP/xamppfiles/htdocs/web/camel/efast_wms/efast_api/boot/req_init.php\' bgcolor=\'#eeeeec\'>../req_init.php<b>:</b>193</td></tr>
</table></font>
webservice'--res--END--

--param[2017-12-26 00:43:30]--
array (
  'app_fmt' => 'json',
  'app_act' => 'taobao_api/item_quantity_sync',
)
--res[2017-12-26 00:43:30]--
'<br />
<font size=\'1\'><table class=\'xdebug-error xe-notice\' dir=\'ltr\' border=\'1\' cellspacing=\'0\' cellpadding=\'1\'>
<tr><th align=\'left\' bgcolor=\'#f57900\' colspan="5"><span style=\'background-color: #cc0000; color: #fce94f; font-size: x-large;\'>( ! )</span> Notice: Undefined offset: 1 in /Applications/XAMPP/xamppfiles/htdocs/web/camel/efast_wms/efast_api/boot/req_init.php on line <i>141</i></th></tr>
<tr><th align=\'left\' bgcolor=\'#e9b96e\' colspan=\'5\'>Call Stack</th></tr>
<tr><th align=\'center\' bgcolor=\'#eeeeec\'>#</th><th align=\'left\' bgcolor=\'#eeeeec\'>Time</th><th align=\'left\' bgcolor=\'#eeeeec\'>Memory</th><th align=\'left\' bgcolor=\'#eeeeec\'>Function</th><th align=\'left\' bgcolor=\'#eeeeec\'>Location</th></tr>
<tr><td bgcolor=\'#eeeeec\' align=\'center\'>1</td><td bgcolor=\'#eeeeec\' align=\'center\'>0.0008</td><td bgcolor=\'#eeeeec\' align=\'right\'>243832</td><td bgcolor=\'#eeeeec\'>{main}(  )</td><td title=\'/Applications/XAMPP/xamppfiles/htdocs/web/camel/efast_wms/efast_api/webservice/index.php\' bgcolor=\'#eeeeec\'>../index.php<b>:</b>0</td></tr>
<tr><td bgcolor=\'#eeeeec\' align=\'center\'>2</td><td bgcolor=\'#eeeeec\' align=\'center\'>0.0039</td><td bgcolor=\'#eeeeec\' align=\'right\'>566640</td><td bgcolor=\'#eeeeec\'>include( <font color=\'#00bb00\'>\'/Applications/XAMPP/xamppfiles/htdocs/web/camel/efast_wms/efast_api/boot/req_init.php\'</font> )</td><td title=\'/Applications/XAMPP/xamppfiles/htdocs/web/camel/efast_wms/efast_api/webservice/index.php\' bgcolor=\'#eeeeec\'>../index.php<b>:</b>18</td></tr>
<tr><td bgcolor=\'#eeeeec\' align=\'center\'>3</td><td bgcolor=\'#eeeeec\' align=\'center\'>0.0040</td><td bgcolor=\'#eeeeec\' align=\'right\'>568528</td><td bgcolor=\'#eeeeec\'>RequestContext->prepare_request_handle(  )</td><td title=\'/Applications/XAMPP/xamppfiles/htdocs/web/camel/efast_wms/efast_api/boot/req_init.php\' bgcolor=\'#eeeeec\'>../req_init.php<b>:</b>872</td></tr>
<tr><td bgcolor=\'#eeeeec\' align=\'center\'>4</td><td bgcolor=\'#eeeeec\' align=\'center\'>0.0040</td><td bgcolor=\'#eeeeec\' align=\'right\'>568896</td><td bgcolor=\'#eeeeec\'>RequestContext->parse_params_from_path(  )</td><td title=\'/Applications/XAMPP/xamppfiles/htdocs/web/camel/efast_wms/efast_api/boot/req_init.php\' bgcolor=\'#eeeeec\'>../req_init.php<b>:</b>193</td></tr>
</table></font>
webservice'--res--END--

--param[2017-12-26 00:53:23]--
array (
  'app_fmt' => 'json',
  'app_act' => 'taobao_api/item_quantity_sync',
)
--res[2017-12-26 00:53:23]--
'<br />
<font size=\'1\'><table class=\'xdebug-error xe-fatal-error\' dir=\'ltr\' border=\'1\' cellspacing=\'0\' cellpadding=\'1\'>
<tr><th align=\'left\' bgcolor=\'#f57900\' colspan="5"><span style=\'background-color: #cc0000; color: #fce94f; font-size: x-large;\'>( ! )</span> Fatal error: Call to private method RequestContext::parse_params_from_path() from context \'\' in /Applications/XAMPP/xamppfiles/htdocs/web/camel/efast_wms/efast_api/webservice/index.php on line <i>22</i></th></tr>
<tr><th align=\'left\' bgcolor=\'#e9b96e\' colspan=\'5\'>Call Stack</th></tr>
<tr><th align=\'center\' bgcolor=\'#eeeeec\'>#</th><th align=\'left\' bgcolor=\'#eeeeec\'>Time</th><th align=\'left\' bgcolor=\'#eeeeec\'>Memory</th><th align=\'left\' bgcolor=\'#eeeeec\'>Function</th><th align=\'left\' bgcolor=\'#eeeeec\'>Location</th></tr>
<tr><td bgcolor=\'#eeeeec\' align=\'center\'>1</td><td bgcolor=\'#eeeeec\' align=\'center\'>0.0012</td><td bgcolor=\'#eeeeec\' align=\'right\'>244072</td><td bgcolor=\'#eeeeec\'>{main}(  )</td><td title=\'/Applications/XAMPP/xamppfiles/htdocs/web/camel/efast_wms/efast_api/webservice/index.php\' bgcolor=\'#eeeeec\'>../index.php<b>:</b>0</td></tr>
</table></font>
'--res--END--

--param[2017-12-26 00:53:23]--
array (
  'app_fmt' => 'json',
  'app_act' => 'taobao_api/item_quantity_sync',
)
--res[2017-12-26 00:53:23]--
'<br />
<font size=\'1\'><table class=\'xdebug-error xe-fatal-error\' dir=\'ltr\' border=\'1\' cellspacing=\'0\' cellpadding=\'1\'>
<tr><th align=\'left\' bgcolor=\'#f57900\' colspan="5"><span style=\'background-color: #cc0000; color: #fce94f; font-size: x-large;\'>( ! )</span> Fatal error: Call to private method RequestContext::parse_params_from_path() from context \'\' in /Applications/XAMPP/xamppfiles/htdocs/web/camel/efast_wms/efast_api/webservice/index.php on line <i>22</i></th></tr>
<tr><th align=\'left\' bgcolor=\'#e9b96e\' colspan=\'5\'>Call Stack</th></tr>
<tr><th align=\'center\' bgcolor=\'#eeeeec\'>#</th><th align=\'left\' bgcolor=\'#eeeeec\'>Time</th><th align=\'left\' bgcolor=\'#eeeeec\'>Memory</th><th align=\'left\' bgcolor=\'#eeeeec\'>Function</th><th align=\'left\' bgcolor=\'#eeeeec\'>Location</th></tr>
<tr><td bgcolor=\'#eeeeec\' align=\'center\'>1</td><td bgcolor=\'#eeeeec\' align=\'center\'>0.0011</td><td bgcolor=\'#eeeeec\' align=\'right\'>244040</td><td bgcolor=\'#eeeeec\'>{main}(  )</td><td title=\'/Applications/XAMPP/xamppfiles/htdocs/web/camel/efast_wms/efast_api/webservice/index.php\' bgcolor=\'#eeeeec\'>../index.php<b>:</b>0</td></tr>
</table></font>
'--res--END--

--param[2017-12-26 00:55:39]--
array (
  'app_fmt' => 'json',
  'app_act' => 'taobao_api/item_quantity_sync',
)
--res[2017-12-26 00:55:39]--
'/Applications/XAMPP/xamppfiles/htdocs/web/camel/efast_wms/efast_api/webservice/index.php'--res--END--

--param[2017-12-26 00:55:39]--
array (
  'app_fmt' => 'json',
  'app_act' => 'taobao_api/item_quantity_sync',
)
--res[2017-12-26 00:55:39]--
'/Applications/XAMPP/xamppfiles/htdocs/web/camel/efast_wms/efast_api/webservice/index.php'--res--END--

--param[2017-12-26 01:00:39]--
array (
  'app_fmt' => 'json',
  'app_act' => 'taobao_api/item_quantity_sync',
)
--res[2017-12-26 01:00:39]--
'/Applications/XAMPP/xamppfiles/htdocs/web/camel/efast_wms/efast_api/'--res--END--

--param[2017-12-26 01:00:40]--
array (
  'app_fmt' => 'json',
  'app_act' => 'taobao_api/item_quantity_sync',
)
--res[2017-12-26 01:00:40]--
'/Applications/XAMPP/xamppfiles/htdocs/web/camel/efast_wms/efast_api/'--res--END--

--param[2017-12-26 01:10:49]--
array (
  'app_fmt' => 'json',
  'app_act' => 'taobao_api/item_quantity_sync',
)
--res[2017-12-26 01:10:49]--
'<br />
<font size=\'1\'><table class=\'xdebug-error xe-notice\' dir=\'ltr\' border=\'1\' cellspacing=\'0\' cellpadding=\'1\'>
<tr><th align=\'left\' bgcolor=\'#f57900\' colspan="5"><span style=\'background-color: #cc0000; color: #fce94f; font-size: x-large;\'>( ! )</span> Notice: Undefined variable: content in /Applications/XAMPP/xamppfiles/htdocs/web/camel/efast_wms/efast_api/webservice/index.php on line <i>22</i></th></tr>
<tr><th align=\'left\' bgcolor=\'#e9b96e\' colspan=\'5\'>Call Stack</th></tr>
<tr><th align=\'center\' bgcolor=\'#eeeeec\'>#</th><th align=\'left\' bgcolor=\'#eeeeec\'>Time</th><th align=\'left\' bgcolor=\'#eeeeec\'>Memory</th><th align=\'left\' bgcolor=\'#eeeeec\'>Function</th><th align=\'left\' bgcolor=\'#eeeeec\'>Location</th></tr>
<tr><td bgcolor=\'#eeeeec\' align=\'center\'>1</td><td bgcolor=\'#eeeeec\' align=\'center\'>0.0010</td><td bgcolor=\'#eeeeec\' align=\'right\'>244040</td><td bgcolor=\'#eeeeec\'>{main}(  )</td><td title=\'/Applications/XAMPP/xamppfiles/htdocs/web/camel/efast_wms/efast_api/webservice/index.php\' bgcolor=\'#eeeeec\'>../index.php<b>:</b>0</td></tr>
</table></font>
<br />
<font size=\'1\'><table class=\'xdebug-error xe-fatal-error\' dir=\'ltr\' border=\'1\' cellspacing=\'0\' cellpadding=\'1\'>
<tr><th align=\'left\' bgcolor=\'#f57900\' colspan="5"><span style=\'background-color: #cc0000; color: #fce94f; font-size: x-large;\'>( ! )</span> Fatal error: Call to a member function parse_params_from_path() on null in /Applications/XAMPP/xamppfiles/htdocs/web/camel/efast_wms/efast_api/webservice/index.php on line <i>22</i></th></tr>
<tr><th align=\'left\' bgcolor=\'#e9b96e\' colspan=\'5\'>Call Stack</th></tr>
<tr><th align=\'center\' bgcolor=\'#eeeeec\'>#</th><th align=\'left\' bgcolor=\'#eeeeec\'>Time</th><th align=\'left\' bgcolor=\'#eeeeec\'>Memory</th><th align=\'left\' bgcolor=\'#eeeeec\'>Function</th><th align=\'left\' bgcolor=\'#eeeeec\'>Location</th></tr>
<tr><td bgcolor=\'#eeeeec\' align=\'center\'>1</td><td bgcolor=\'#eeeeec\' align=\'center\'>0.0010</td><td bgcolor=\'#eeeeec\' align=\'right\'>244040</td><td bgcolor=\'#eeeeec\'>{main}(  )</td><td title=\'/Applications/XAMPP/xamppfiles/htdocs/web/camel/efast_wms/efast_api/webservice/index.php\' bgcolor=\'#eeeeec\'>../index.php<b>:</b>0</td></tr>
</table></font>
'--res--END--

--param[2017-12-26 01:10:51]--
array (
  'app_fmt' => 'json',
  'app_act' => 'taobao_api/item_quantity_sync',
)
--res[2017-12-26 01:10:51]--
'<br />
<font size=\'1\'><table class=\'xdebug-error xe-notice\' dir=\'ltr\' border=\'1\' cellspacing=\'0\' cellpadding=\'1\'>
<tr><th align=\'left\' bgcolor=\'#f57900\' colspan="5"><span style=\'background-color: #cc0000; color: #fce94f; font-size: x-large;\'>( ! )</span> Notice: Undefined variable: content in /Applications/XAMPP/xamppfiles/htdocs/web/camel/efast_wms/efast_api/webservice/index.php on line <i>22</i></th></tr>
<tr><th align=\'left\' bgcolor=\'#e9b96e\' colspan=\'5\'>Call Stack</th></tr>
<tr><th align=\'center\' bgcolor=\'#eeeeec\'>#</th><th align=\'left\' bgcolor=\'#eeeeec\'>Time</th><th align=\'left\' bgcolor=\'#eeeeec\'>Memory</th><th align=\'left\' bgcolor=\'#eeeeec\'>Function</th><th align=\'left\' bgcolor=\'#eeeeec\'>Location</th></tr>
<tr><td bgcolor=\'#eeeeec\' align=\'center\'>1</td><td bgcolor=\'#eeeeec\' align=\'center\'>0.0007</td><td bgcolor=\'#eeeeec\' align=\'right\'>244040</td><td bgcolor=\'#eeeeec\'>{main}(  )</td><td title=\'/Applications/XAMPP/xamppfiles/htdocs/web/camel/efast_wms/efast_api/webservice/index.php\' bgcolor=\'#eeeeec\'>../index.php<b>:</b>0</td></tr>
</table></font>
<br />
<font size=\'1\'><table class=\'xdebug-error xe-fatal-error\' dir=\'ltr\' border=\'1\' cellspacing=\'0\' cellpadding=\'1\'>
<tr><th align=\'left\' bgcolor=\'#f57900\' colspan="5"><span style=\'background-color: #cc0000; color: #fce94f; font-size: x-large;\'>( ! )</span> Fatal error: Call to a member function parse_params_from_path() on null in /Applications/XAMPP/xamppfiles/htdocs/web/camel/efast_wms/efast_api/webservice/index.php on line <i>22</i></th></tr>
<tr><th align=\'left\' bgcolor=\'#e9b96e\' colspan=\'5\'>Call Stack</th></tr>
<tr><th align=\'center\' bgcolor=\'#eeeeec\'>#</th><th align=\'left\' bgcolor=\'#eeeeec\'>Time</th><th align=\'left\' bgcolor=\'#eeeeec\'>Memory</th><th align=\'left\' bgcolor=\'#eeeeec\'>Function</th><th align=\'left\' bgcolor=\'#eeeeec\'>Location</th></tr>
<tr><td bgcolor=\'#eeeeec\' align=\'center\'>1</td><td bgcolor=\'#eeeeec\' align=\'center\'>0.0007</td><td bgcolor=\'#eeeeec\' align=\'right\'>244040</td><td bgcolor=\'#eeeeec\'>{main}(  )</td><td title=\'/Applications/XAMPP/xamppfiles/htdocs/web/camel/efast_wms/efast_api/webservice/index.php\' bgcolor=\'#eeeeec\'>../index.php<b>:</b>0</td></tr>
</table></font>
'--res--END--

--param[2017-12-26 01:11:35]--
array (
  'app_fmt' => 'json',
  'app_act' => 'taobao_api/item_quantity_sync',
)
--res[2017-12-26 01:11:35]--
'webservice/index.php'--res--END--

--param[2017-12-26 01:11:35]--
array (
  'app_fmt' => 'json',
  'app_act' => 'taobao_api/item_quantity_sync',
)
--res[2017-12-26 01:11:35]--
'webservice/index.php'--res--END--

--param[2017-12-26 01:12:35]--
array (
  'app_fmt' => 'json',
  'app_act' => 'taobao_api/item_quantity_sync',
)
--res[2017-12-26 01:12:35]--
'webservice/index.php'--res--END--

--param[2017-12-26 01:12:35]--
array (
  'app_fmt' => 'json',
  'app_act' => 'taobao_api/item_quantity_sync',
)
--res[2017-12-26 01:12:35]--
'webservice/index.php'--res--END--

--param[2017-12-26 01:13:28]--
array (
  'app_fmt' => 'json',
  'app_act' => 'taobao_api/item_quantity_sync',
)
--res[2017-12-26 01:13:28]--
'index.php'--res--END--

--param[2017-12-26 01:13:28]--
array (
  'app_fmt' => 'json',
  'app_act' => 'taobao_api/item_quantity_sync',
)
--res[2017-12-26 01:13:28]--
'index.php'--res--END--

--param[2017-12-26 01:17:17]--
array (
  'app_fmt' => 'json',
  'app_act' => 'taobao_api/item_quantity_sync',
)
--res[2017-12-26 01:17:17]--
'p'--res--END--

--param[2017-12-26 01:17:17]--
array (
  'app_fmt' => 'json',
  'app_act' => 'taobao_api/item_quantity_sync',
)
--res[2017-12-26 01:17:17]--
'p'--res--END--

--param[2017-12-26 01:19:27]--
array (
  'app_fmt' => 'json',
  'app_act' => 'taobao_api/item_quantity_sync',
)
--res[2017-12-26 01:19:27]--
''--res--END--

--param[2017-12-26 01:19:27]--
array (
  'app_fmt' => 'json',
  'app_act' => 'taobao_api/item_quantity_sync',
)
--res[2017-12-26 01:19:27]--
''--res--END--

--param[2017-12-26 01:23:41]--
array (
  'app_fmt' => 'json',
  'app_act' => 'taobao_api/item_quantity_sync',
)
--res[2017-12-26 01:23:41]--
'<br />
<font size=\'1\'><table class=\'xdebug-error xe-notice\' dir=\'ltr\' border=\'1\' cellspacing=\'0\' cellpadding=\'1\'>
<tr><th align=\'left\' bgcolor=\'#f57900\' colspan="5"><span style=\'background-color: #cc0000; color: #fce94f; font-size: x-large;\'>( ! )</span> Notice: Undefined offset: 1 in /Applications/XAMPP/xamppfiles/htdocs/web/camel/efast_wms/efast_api/boot/req_init.php on line <i>146</i></th></tr>
<tr><th align=\'left\' bgcolor=\'#e9b96e\' colspan=\'5\'>Call Stack</th></tr>
<tr><th align=\'center\' bgcolor=\'#eeeeec\'>#</th><th align=\'left\' bgcolor=\'#eeeeec\'>Time</th><th align=\'left\' bgcolor=\'#eeeeec\'>Memory</th><th align=\'left\' bgcolor=\'#eeeeec\'>Function</th><th align=\'left\' bgcolor=\'#eeeeec\'>Location</th></tr>
<tr><td bgcolor=\'#eeeeec\' align=\'center\'>1</td><td bgcolor=\'#eeeeec\' align=\'center\'>0.0007</td><td bgcolor=\'#eeeeec\' align=\'right\'>244040</td><td bgcolor=\'#eeeeec\'>{main}(  )</td><td title=\'/Applications/XAMPP/xamppfiles/htdocs/web/camel/efast_wms/efast_api/webservice/index.php\' bgcolor=\'#eeeeec\'>../index.php<b>:</b>0</td></tr>
<tr><td bgcolor=\'#eeeeec\' align=\'center\'>2</td><td bgcolor=\'#eeeeec\' align=\'center\'>0.0035</td><td bgcolor=\'#eeeeec\' align=\'right\'>566992</td><td bgcolor=\'#eeeeec\'>include( <font color=\'#00bb00\'>\'/Applications/XAMPP/xamppfiles/htdocs/web/camel/efast_wms/efast_api/boot/req_init.php\'</font> )</td><td title=\'/Applications/XAMPP/xamppfiles/htdocs/web/camel/efast_wms/efast_api/webservice/index.php\' bgcolor=\'#eeeeec\'>../index.php<b>:</b>18</td></tr>
<tr><td bgcolor=\'#eeeeec\' align=\'center\'>3</td><td bgcolor=\'#eeeeec\' align=\'center\'>0.0036</td><td bgcolor=\'#eeeeec\' align=\'right\'>568864</td><td bgcolor=\'#eeeeec\'>RequestContext->prepare_request_handle(  )</td><td title=\'/Applications/XAMPP/xamppfiles/htdocs/web/camel/efast_wms/efast_api/boot/req_init.php\' bgcolor=\'#eeeeec\'>../req_init.php<b>:</b>879</td></tr>
<tr><td bgcolor=\'#eeeeec\' align=\'center\'>4</td><td bgcolor=\'#eeeeec\' align=\'center\'>0.0036</td><td bgcolor=\'#eeeeec\' align=\'right\'>569256</td><td bgcolor=\'#eeeeec\'>RequestContext->parse_params_from_path(  )</td><td title=\'/Applications/XAMPP/xamppfiles/htdocs/web/camel/efast_wms/efast_api/boot/req_init.php\' bgcolor=\'#eeeeec\'>../req_init.php<b>:</b>200</td></tr>
</table></font>
<br />
<font size=\'1\'><table class=\'xdebug-error xe-notice\' dir=\'ltr\' border=\'1\' cellspacing=\'0\' cellpadding=\'1\'>
<tr><th align=\'left\' bgcolor=\'#f57900\' colspan="5"><span style=\'background-color: #cc0000; color: #fce94f; font-size: x-large;\'>( ! )</span> Notice: Undefined offset: 1 in /Applications/XAMPP/xamppfiles/htdocs/web/camel/efast_wms/efast_api/boot/req_init.php on line <i>146</i></th></tr>
<tr><th align=\'left\' bgcolor=\'#e9b96e\' colspan=\'5\'>Call Stack</th></tr>
<tr><th align=\'center\' bgcolor=\'#eeeeec\'>#</th><th align=\'left\' bgcolor=\'#eeeeec\'>Time</th><th align=\'left\' bgcolor=\'#eeeeec\'>Memory</th><th align=\'left\' bgcolor=\'#eeeeec\'>Function</th><th align=\'left\' bgcolor=\'#eeeeec\'>Location</th></tr>
<tr><td bgcolor=\'#eeeeec\' align=\'center\'>1</td><td bgcolor=\'#eeeeec\' align=\'center\'>0.0007</td><td bgcolor=\'#eeeeec\' align=\'right\'>244040</td><td bgcolor=\'#eeeeec\'>{main}(  )</td><td title=\'/Applications/XAMPP/xamppfiles/htdocs/web/camel/efast_wms/efast_api/webservice/index.php\' bgcolor=\'#eeeeec\'>../index.php<b>:</b>0</td></tr>
<tr><td bgcolor=\'#eeeeec\' align=\'center\'>2</td><td bgcolor=\'#eeeeec\' align=\'center\'>0.0514</td><td bgcolor=\'#eeeeec\' align=\'right\'>561304</td><td bgcolor=\'#eeeeec\'>RequestContext->parse_params_from_path(  )</td><td title=\'/Applications/XAMPP/xamppfiles/htdocs/web/camel/efast_wms/efast_api/webservice/index.php\' bgcolor=\'#eeeeec\'>../index.php<b>:</b>22</td></tr>
</table></font>
p'--res--END--

--param[2017-12-26 01:23:41]--
array (
  'app_fmt' => 'json',
  'app_act' => 'taobao_api/item_quantity_sync',
)
--res[2017-12-26 01:23:41]--
'<br />
<font size=\'1\'><table class=\'xdebug-error xe-notice\' dir=\'ltr\' border=\'1\' cellspacing=\'0\' cellpadding=\'1\'>
<tr><th align=\'left\' bgcolor=\'#f57900\' colspan="5"><span style=\'background-color: #cc0000; color: #fce94f; font-size: x-large;\'>( ! )</span> Notice: Undefined offset: 1 in /Applications/XAMPP/xamppfiles/htdocs/web/camel/efast_wms/efast_api/boot/req_init.php on line <i>146</i></th></tr>
<tr><th align=\'left\' bgcolor=\'#e9b96e\' colspan=\'5\'>Call Stack</th></tr>
<tr><th align=\'center\' bgcolor=\'#eeeeec\'>#</th><th align=\'left\' bgcolor=\'#eeeeec\'>Time</th><th align=\'left\' bgcolor=\'#eeeeec\'>Memory</th><th align=\'left\' bgcolor=\'#eeeeec\'>Function</th><th align=\'left\' bgcolor=\'#eeeeec\'>Location</th></tr>
<tr><td bgcolor=\'#eeeeec\' align=\'center\'>1</td><td bgcolor=\'#eeeeec\' align=\'center\'>0.0018</td><td bgcolor=\'#eeeeec\' align=\'right\'>244040</td><td bgcolor=\'#eeeeec\'>{main}(  )</td><td title=\'/Applications/XAMPP/xamppfiles/htdocs/web/camel/efast_wms/efast_api/webservice/index.php\' bgcolor=\'#eeeeec\'>../index.php<b>:</b>0</td></tr>
<tr><td bgcolor=\'#eeeeec\' align=\'center\'>2</td><td bgcolor=\'#eeeeec\' align=\'center\'>0.0046</td><td bgcolor=\'#eeeeec\' align=\'right\'>566992</td><td bgcolor=\'#eeeeec\'>include( <font color=\'#00bb00\'>\'/Applications/XAMPP/xamppfiles/htdocs/web/camel/efast_wms/efast_api/boot/req_init.php\'</font> )</td><td title=\'/Applications/XAMPP/xamppfiles/htdocs/web/camel/efast_wms/efast_api/webservice/index.php\' bgcolor=\'#eeeeec\'>../index.php<b>:</b>18</td></tr>
<tr><td bgcolor=\'#eeeeec\' align=\'center\'>3</td><td bgcolor=\'#eeeeec\' align=\'center\'>0.0047</td><td bgcolor=\'#eeeeec\' align=\'right\'>568864</td><td bgcolor=\'#eeeeec\'>RequestContext->prepare_request_handle(  )</td><td title=\'/Applications/XAMPP/xamppfiles/htdocs/web/camel/efast_wms/efast_api/boot/req_init.php\' bgcolor=\'#eeeeec\'>../req_init.php<b>:</b>879</td></tr>
<tr><td bgcolor=\'#eeeeec\' align=\'center\'>4</td><td bgcolor=\'#eeeeec\' align=\'center\'>0.0047</td><td bgcolor=\'#eeeeec\' align=\'right\'>569256</td><td bgcolor=\'#eeeeec\'>RequestContext->parse_params_from_path(  )</td><td title=\'/Applications/XAMPP/xamppfiles/htdocs/web/camel/efast_wms/efast_api/boot/req_init.php\' bgcolor=\'#eeeeec\'>../req_init.php<b>:</b>200</td></tr>
</table></font>
<br />
<font size=\'1\'><table class=\'xdebug-error xe-notice\' dir=\'ltr\' border=\'1\' cellspacing=\'0\' cellpadding=\'1\'>
<tr><th align=\'left\' bgcolor=\'#f57900\' colspan="5"><span style=\'background-color: #cc0000; color: #fce94f; font-size: x-large;\'>( ! )</span> Notice: Undefined offset: 1 in /Applications/XAMPP/xamppfiles/htdocs/web/camel/efast_wms/efast_api/boot/req_init.php on line <i>146</i></th></tr>
<tr><th align=\'left\' bgcolor=\'#e9b96e\' colspan=\'5\'>Call Stack</th></tr>
<tr><th align=\'center\' bgcolor=\'#eeeeec\'>#</th><th align=\'left\' bgcolor=\'#eeeeec\'>Time</th><th align=\'left\' bgcolor=\'#eeeeec\'>Memory</th><th align=\'left\' bgcolor=\'#eeeeec\'>Function</th><th align=\'left\' bgcolor=\'#eeeeec\'>Location</th></tr>
<tr><td bgcolor=\'#eeeeec\' align=\'center\'>1</td><td bgcolor=\'#eeeeec\' align=\'center\'>0.0018</td><td bgcolor=\'#eeeeec\' align=\'right\'>244040</td><td bgcolor=\'#eeeeec\'>{main}(  )</td><td title=\'/Applications/XAMPP/xamppfiles/htdocs/web/camel/efast_wms/efast_api/webservice/index.php\' bgcolor=\'#eeeeec\'>../index.php<b>:</b>0</td></tr>
<tr><td bgcolor=\'#eeeeec\' align=\'center\'>2</td><td bgcolor=\'#eeeeec\' align=\'center\'>0.0061</td><td bgcolor=\'#eeeeec\' align=\'right\'>561304</td><td bgcolor=\'#eeeeec\'>RequestContext->parse_params_from_path(  )</td><td title=\'/Applications/XAMPP/xamppfiles/htdocs/web/camel/efast_wms/efast_api/webservice/index.php\' bgcolor=\'#eeeeec\'>../index.php<b>:</b>22</td></tr>
</table></font>
p'--res--END--

--param[2017-12-26 01:30:30]--
array (
  'app_fmt' => 'json',
  'app_act' => 'taobao_api/item_quantity_sync',
)
--res[2017-12-26 01:30:30]--
'<br />
<font size=\'1\'><table class=\'xdebug-error xe-notice\' dir=\'ltr\' border=\'1\' cellspacing=\'0\' cellpadding=\'1\'>
<tr><th align=\'left\' bgcolor=\'#f57900\' colspan="5"><span style=\'background-color: #cc0000; color: #fce94f; font-size: x-large;\'>( ! )</span> Notice: Undefined offset: 1 in /Applications/XAMPP/xamppfiles/htdocs/web/camel/efast_wms/efast_api/boot/req_init.php on line <i>150</i></th></tr>
<tr><th align=\'left\' bgcolor=\'#e9b96e\' colspan=\'5\'>Call Stack</th></tr>
<tr><th align=\'center\' bgcolor=\'#eeeeec\'>#</th><th align=\'left\' bgcolor=\'#eeeeec\'>Time</th><th align=\'left\' bgcolor=\'#eeeeec\'>Memory</th><th align=\'left\' bgcolor=\'#eeeeec\'>Function</th><th align=\'left\' bgcolor=\'#eeeeec\'>Location</th></tr>
<tr><td bgcolor=\'#eeeeec\' align=\'center\'>1</td><td bgcolor=\'#eeeeec\' align=\'center\'>0.0007</td><td bgcolor=\'#eeeeec\' align=\'right\'>244488</td><td bgcolor=\'#eeeeec\'>{main}(  )</td><td title=\'/Applications/XAMPP/xamppfiles/htdocs/web/camel/efast_wms/efast_api/webservice/index.php\' bgcolor=\'#eeeeec\'>../index.php<b>:</b>0</td></tr>
<tr><td bgcolor=\'#eeeeec\' align=\'center\'>2</td><td bgcolor=\'#eeeeec\' align=\'center\'>0.0034</td><td bgcolor=\'#eeeeec\' align=\'right\'>560032</td><td bgcolor=\'#eeeeec\'>RequestContext->prepare_request_handle(  )</td><td title=\'/Applications/XAMPP/xamppfiles/htdocs/web/camel/efast_wms/efast_api/webservice/index.php\' bgcolor=\'#eeeeec\'>../index.php<b>:</b>22</td></tr>
<tr><td bgcolor=\'#eeeeec\' align=\'center\'>3</td><td bgcolor=\'#eeeeec\' align=\'center\'>0.0034</td><td bgcolor=\'#eeeeec\' align=\'right\'>560400</td><td bgcolor=\'#eeeeec\'>RequestContext->parse_params_from_path(  )</td><td title=\'/Applications/XAMPP/xamppfiles/htdocs/web/camel/efast_wms/efast_api/boot/req_init.php\' bgcolor=\'#eeeeec\'>../req_init.php<b>:</b>204</td></tr>
</table></font>
array (
  \'app_fmt\' => \'json\',
  \'app_act\' => \'taobao_api/item_quantity_sync\',
)'--res--END--

--param[2017-12-26 01:30:30]--
array (
  'app_fmt' => 'json',
  'app_act' => 'taobao_api/item_quantity_sync',
)
--res[2017-12-26 01:30:30]--
'<br />
<font size=\'1\'><table class=\'xdebug-error xe-notice\' dir=\'ltr\' border=\'1\' cellspacing=\'0\' cellpadding=\'1\'>
<tr><th align=\'left\' bgcolor=\'#f57900\' colspan="5"><span style=\'background-color: #cc0000; color: #fce94f; font-size: x-large;\'>( ! )</span> Notice: Undefined offset: 1 in /Applications/XAMPP/xamppfiles/htdocs/web/camel/efast_wms/efast_api/boot/req_init.php on line <i>150</i></th></tr>
<tr><th align=\'left\' bgcolor=\'#e9b96e\' colspan=\'5\'>Call Stack</th></tr>
<tr><th align=\'center\' bgcolor=\'#eeeeec\'>#</th><th align=\'left\' bgcolor=\'#eeeeec\'>Time</th><th align=\'left\' bgcolor=\'#eeeeec\'>Memory</th><th align=\'left\' bgcolor=\'#eeeeec\'>Function</th><th align=\'left\' bgcolor=\'#eeeeec\'>Location</th></tr>
<tr><td bgcolor=\'#eeeeec\' align=\'center\'>1</td><td bgcolor=\'#eeeeec\' align=\'center\'>0.0009</td><td bgcolor=\'#eeeeec\' align=\'right\'>244488</td><td bgcolor=\'#eeeeec\'>{main}(  )</td><td title=\'/Applications/XAMPP/xamppfiles/htdocs/web/camel/efast_wms/efast_api/webservice/index.php\' bgcolor=\'#eeeeec\'>../index.php<b>:</b>0</td></tr>
<tr><td bgcolor=\'#eeeeec\' align=\'center\'>2</td><td bgcolor=\'#eeeeec\' align=\'center\'>0.0047</td><td bgcolor=\'#eeeeec\' align=\'right\'>560032</td><td bgcolor=\'#eeeeec\'>RequestContext->prepare_request_handle(  )</td><td title=\'/Applications/XAMPP/xamppfiles/htdocs/web/camel/efast_wms/efast_api/webservice/index.php\' bgcolor=\'#eeeeec\'>../index.php<b>:</b>22</td></tr>
<tr><td bgcolor=\'#eeeeec\' align=\'center\'>3</td><td bgcolor=\'#eeeeec\' align=\'center\'>0.0047</td><td bgcolor=\'#eeeeec\' align=\'right\'>560400</td><td bgcolor=\'#eeeeec\'>RequestContext->parse_params_from_path(  )</td><td title=\'/Applications/XAMPP/xamppfiles/htdocs/web/camel/efast_wms/efast_api/boot/req_init.php\' bgcolor=\'#eeeeec\'>../req_init.php<b>:</b>204</td></tr>
</table></font>
array (
  \'app_fmt\' => \'json\',
  \'app_act\' => \'taobao_api/item_quantity_sync\',
)'--res--END--

--param[2017-12-26 03:01:13]--
array (
  'app_fmt' => 'json',
  'app_act' => 'taobao_api/item_quantity_sync',
)
--res[2017-12-26 03:01:13]--
'<br />
<font size=\'1\'><table class=\'xdebug-error xe-notice\' dir=\'ltr\' border=\'1\' cellspacing=\'0\' cellpadding=\'1\'>
<tr><th align=\'left\' bgcolor=\'#f57900\' colspan="5"><span style=\'background-color: #cc0000; color: #fce94f; font-size: x-large;\'>( ! )</span> Notice: Undefined offset: 1 in /Applications/XAMPP/xamppfiles/htdocs/web/camel/efast_wms/efast_api/boot/req_init.php on line <i>165</i></th></tr>
<tr><th align=\'left\' bgcolor=\'#e9b96e\' colspan=\'5\'>Call Stack</th></tr>
<tr><th align=\'center\' bgcolor=\'#eeeeec\'>#</th><th align=\'left\' bgcolor=\'#eeeeec\'>Time</th><th align=\'left\' bgcolor=\'#eeeeec\'>Memory</th><th align=\'left\' bgcolor=\'#eeeeec\'>Function</th><th align=\'left\' bgcolor=\'#eeeeec\'>Location</th></tr>
<tr><td bgcolor=\'#eeeeec\' align=\'center\'>1</td><td bgcolor=\'#eeeeec\' align=\'center\'>0.0009</td><td bgcolor=\'#eeeeec\' align=\'right\'>244352</td><td bgcolor=\'#eeeeec\'>{main}(  )</td><td title=\'/Applications/XAMPP/xamppfiles/htdocs/web/camel/efast_wms/efast_api/webservice/index.php\' bgcolor=\'#eeeeec\'>../index.php<b>:</b>0</td></tr>
<tr><td bgcolor=\'#eeeeec\' align=\'center\'>2</td><td bgcolor=\'#eeeeec\' align=\'center\'>0.0039</td><td bgcolor=\'#eeeeec\' align=\'right\'>578384</td><td bgcolor=\'#eeeeec\'>include( <font color=\'#00bb00\'>\'/Applications/XAMPP/xamppfiles/htdocs/web/camel/efast_wms/efast_api/boot/req_init.php\'</font> )</td><td title=\'/Applications/XAMPP/xamppfiles/htdocs/web/camel/efast_wms/efast_api/webservice/index.php\' bgcolor=\'#eeeeec\'>../index.php<b>:</b>18</td></tr>
<tr><td bgcolor=\'#eeeeec\' align=\'center\'>3</td><td bgcolor=\'#eeeeec\' align=\'center\'>0.0039</td><td bgcolor=\'#eeeeec\' align=\'right\'>580256</td><td bgcolor=\'#eeeeec\'>RequestContext->prepare_request_handle(  )</td><td title=\'/Applications/XAMPP/xamppfiles/htdocs/web/camel/efast_wms/efast_api/boot/req_init.php\' bgcolor=\'#eeeeec\'>../req_init.php<b>:</b>931</td></tr>
<tr><td bgcolor=\'#eeeeec\' align=\'center\'>4</td><td bgcolor=\'#eeeeec\' align=\'center\'>0.0039</td><td bgcolor=\'#eeeeec\' align=\'right\'>580616</td><td bgcolor=\'#eeeeec\'>RequestContext->parse_params_from_path(  )</td><td title=\'/Applications/XAMPP/xamppfiles/htdocs/web/camel/efast_wms/efast_api/boot/req_init.php\' bgcolor=\'#eeeeec\'>../req_init.php<b>:</b>231</td></tr>
</table></font>
'--res--END--

--param[2017-12-26 03:01:14]--
array (
  'app_fmt' => 'json',
  'app_act' => 'taobao_api/item_quantity_sync',
)
--res[2017-12-26 03:01:14]--
'<br />
<font size=\'1\'><table class=\'xdebug-error xe-notice\' dir=\'ltr\' border=\'1\' cellspacing=\'0\' cellpadding=\'1\'>
<tr><th align=\'left\' bgcolor=\'#f57900\' colspan="5"><span style=\'background-color: #cc0000; color: #fce94f; font-size: x-large;\'>( ! )</span> Notice: Undefined offset: 1 in /Applications/XAMPP/xamppfiles/htdocs/web/camel/efast_wms/efast_api/boot/req_init.php on line <i>165</i></th></tr>
<tr><th align=\'left\' bgcolor=\'#e9b96e\' colspan=\'5\'>Call Stack</th></tr>
<tr><th align=\'center\' bgcolor=\'#eeeeec\'>#</th><th align=\'left\' bgcolor=\'#eeeeec\'>Time</th><th align=\'left\' bgcolor=\'#eeeeec\'>Memory</th><th align=\'left\' bgcolor=\'#eeeeec\'>Function</th><th align=\'left\' bgcolor=\'#eeeeec\'>Location</th></tr>
<tr><td bgcolor=\'#eeeeec\' align=\'center\'>1</td><td bgcolor=\'#eeeeec\' align=\'center\'>0.0008</td><td bgcolor=\'#eeeeec\' align=\'right\'>244352</td><td bgcolor=\'#eeeeec\'>{main}(  )</td><td title=\'/Applications/XAMPP/xamppfiles/htdocs/web/camel/efast_wms/efast_api/webservice/index.php\' bgcolor=\'#eeeeec\'>../index.php<b>:</b>0</td></tr>
<tr><td bgcolor=\'#eeeeec\' align=\'center\'>2</td><td bgcolor=\'#eeeeec\' align=\'center\'>0.0039</td><td bgcolor=\'#eeeeec\' align=\'right\'>578384</td><td bgcolor=\'#eeeeec\'>include( <font color=\'#00bb00\'>\'/Applications/XAMPP/xamppfiles/htdocs/web/camel/efast_wms/efast_api/boot/req_init.php\'</font> )</td><td title=\'/Applications/XAMPP/xamppfiles/htdocs/web/camel/efast_wms/efast_api/webservice/index.php\' bgcolor=\'#eeeeec\'>../index.php<b>:</b>18</td></tr>
<tr><td bgcolor=\'#eeeeec\' align=\'center\'>3</td><td bgcolor=\'#eeeeec\' align=\'center\'>0.0040</td><td bgcolor=\'#eeeeec\' align=\'right\'>580256</td><td bgcolor=\'#eeeeec\'>RequestContext->prepare_request_handle(  )</td><td title=\'/Applications/XAMPP/xamppfiles/htdocs/web/camel/efast_wms/efast_api/boot/req_init.php\' bgcolor=\'#eeeeec\'>../req_init.php<b>:</b>931</td></tr>
<tr><td bgcolor=\'#eeeeec\' align=\'center\'>4</td><td bgcolor=\'#eeeeec\' align=\'center\'>0.0040</td><td bgcolor=\'#eeeeec\' align=\'right\'>580616</td><td bgcolor=\'#eeeeec\'>RequestContext->parse_params_from_path(  )</td><td title=\'/Applications/XAMPP/xamppfiles/htdocs/web/camel/efast_wms/efast_api/boot/req_init.php\' bgcolor=\'#eeeeec\'>../req_init.php<b>:</b>231</td></tr>
</table></font>
'--res--END--

--param[2017-12-27 01:48:46]--
array (
  'app_fmt' => 'json',
  'app_act' => 'taobao_api/item_quantity_sync',
)
--res[2017-12-27 01:48:46]--
'<br />
<font size=\'1\'><table class=\'xdebug-error xe-notice\' dir=\'ltr\' border=\'1\' cellspacing=\'0\' cellpadding=\'1\'>
<tr><th align=\'left\' bgcolor=\'#f57900\' colspan="5"><span style=\'background-color: #cc0000; color: #fce94f; font-size: x-large;\'>( ! )</span> Notice: Undefined offset: 1 in /Applications/XAMPP/xamppfiles/htdocs/web/camel/efast_wms/efast_api/boot/req_init.php on line <i>165</i></th></tr>
<tr><th align=\'left\' bgcolor=\'#e9b96e\' colspan=\'5\'>Call Stack</th></tr>
<tr><th align=\'center\' bgcolor=\'#eeeeec\'>#</th><th align=\'left\' bgcolor=\'#eeeeec\'>Time</th><th align=\'left\' bgcolor=\'#eeeeec\'>Memory</th><th align=\'left\' bgcolor=\'#eeeeec\'>Function</th><th align=\'left\' bgcolor=\'#eeeeec\'>Location</th></tr>
<tr><td bgcolor=\'#eeeeec\' align=\'center\'>1</td><td bgcolor=\'#eeeeec\' align=\'center\'>0.0015</td><td bgcolor=\'#eeeeec\' align=\'right\'>244384</td><td bgcolor=\'#eeeeec\'>{main}(  )</td><td title=\'/Applications/XAMPP/xamppfiles/htdocs/web/camel/efast_wms/efast_api/webservice/index.php\' bgcolor=\'#eeeeec\'>../index.php<b>:</b>0</td></tr>
<tr><td bgcolor=\'#eeeeec\' align=\'center\'>2</td><td bgcolor=\'#eeeeec\' align=\'center\'>0.0049</td><td bgcolor=\'#eeeeec\' align=\'right\'>578256</td><td bgcolor=\'#eeeeec\'>include( <font color=\'#00bb00\'>\'/Applications/XAMPP/xamppfiles/htdocs/web/camel/efast_wms/efast_api/boot/req_init.php\'</font> )</td><td title=\'/Applications/XAMPP/xamppfiles/htdocs/web/camel/efast_wms/efast_api/webservice/index.php\' bgcolor=\'#eeeeec\'>../index.php<b>:</b>18</td></tr>
<tr><td bgcolor=\'#eeeeec\' align=\'center\'>3</td><td bgcolor=\'#eeeeec\' align=\'center\'>0.0109</td><td bgcolor=\'#eeeeec\' align=\'right\'>580128</td><td bgcolor=\'#eeeeec\'>RequestContext->prepare_request_handle(  )</td><td title=\'/Applications/XAMPP/xamppfiles/htdocs/web/camel/efast_wms/efast_api/boot/req_init.php\' bgcolor=\'#eeeeec\'>../req_init.php<b>:</b>966</td></tr>
<tr><td bgcolor=\'#eeeeec\' align=\'center\'>4</td><td bgcolor=\'#eeeeec\' align=\'center\'>0.0109</td><td bgcolor=\'#eeeeec\' align=\'right\'>580488</td><td bgcolor=\'#eeeeec\'>RequestContext->parse_params_from_path(  )</td><td title=\'/Applications/XAMPP/xamppfiles/htdocs/web/camel/efast_wms/efast_api/boot/req_init.php\' bgcolor=\'#eeeeec\'>../req_init.php<b>:</b>239</td></tr>
</table></font>
'--res--END--

--param[2017-12-27 01:48:46]--
array (
  'app_fmt' => 'json',
  'app_act' => 'taobao_api/item_quantity_sync',
)
--res[2017-12-27 01:48:46]--
'<br />
<font size=\'1\'><table class=\'xdebug-error xe-notice\' dir=\'ltr\' border=\'1\' cellspacing=\'0\' cellpadding=\'1\'>
<tr><th align=\'left\' bgcolor=\'#f57900\' colspan="5"><span style=\'background-color: #cc0000; color: #fce94f; font-size: x-large;\'>( ! )</span> Notice: Undefined offset: 1 in /Applications/XAMPP/xamppfiles/htdocs/web/camel/efast_wms/efast_api/boot/req_init.php on line <i>165</i></th></tr>
<tr><th align=\'left\' bgcolor=\'#e9b96e\' colspan=\'5\'>Call Stack</th></tr>
<tr><th align=\'center\' bgcolor=\'#eeeeec\'>#</th><th align=\'left\' bgcolor=\'#eeeeec\'>Time</th><th align=\'left\' bgcolor=\'#eeeeec\'>Memory</th><th align=\'left\' bgcolor=\'#eeeeec\'>Function</th><th align=\'left\' bgcolor=\'#eeeeec\'>Location</th></tr>
<tr><td bgcolor=\'#eeeeec\' align=\'center\'>1</td><td bgcolor=\'#eeeeec\' align=\'center\'>0.0016</td><td bgcolor=\'#eeeeec\' align=\'right\'>244384</td><td bgcolor=\'#eeeeec\'>{main}(  )</td><td title=\'/Applications/XAMPP/xamppfiles/htdocs/web/camel/efast_wms/efast_api/webservice/index.php\' bgcolor=\'#eeeeec\'>../index.php<b>:</b>0</td></tr>
<tr><td bgcolor=\'#eeeeec\' align=\'center\'>2</td><td bgcolor=\'#eeeeec\' align=\'center\'>0.0059</td><td bgcolor=\'#eeeeec\' align=\'right\'>578256</td><td bgcolor=\'#eeeeec\'>include( <font color=\'#00bb00\'>\'/Applications/XAMPP/xamppfiles/htdocs/web/camel/efast_wms/efast_api/boot/req_init.php\'</font> )</td><td title=\'/Applications/XAMPP/xamppfiles/htdocs/web/camel/efast_wms/efast_api/webservice/index.php\' bgcolor=\'#eeeeec\'>../index.php<b>:</b>18</td></tr>
<tr><td bgcolor=\'#eeeeec\' align=\'center\'>3</td><td bgcolor=\'#eeeeec\' align=\'center\'>0.0062</td><td bgcolor=\'#eeeeec\' align=\'right\'>580128</td><td bgcolor=\'#eeeeec\'>RequestContext->prepare_request_handle(  )</td><td title=\'/Applications/XAMPP/xamppfiles/htdocs/web/camel/efast_wms/efast_api/boot/req_init.php\' bgcolor=\'#eeeeec\'>../req_init.php<b>:</b>966</td></tr>
<tr><td bgcolor=\'#eeeeec\' align=\'center\'>4</td><td bgcolor=\'#eeeeec\' align=\'center\'>0.0062</td><td bgcolor=\'#eeeeec\' align=\'right\'>580488</td><td bgcolor=\'#eeeeec\'>RequestContext->parse_params_from_path(  )</td><td title=\'/Applications/XAMPP/xamppfiles/htdocs/web/camel/efast_wms/efast_api/boot/req_init.php\' bgcolor=\'#eeeeec\'>../req_init.php<b>:</b>239</td></tr>
</table></font>
'--res--END--

--param[2017-12-27 01:50:01]--
array (
  'app_fmt' => 'json',
  'app_act' => 'taobao_api/item_quantity_sync',
)
--res[2017-12-27 01:50:01]--
'<br />
<font size=\'1\'><table class=\'xdebug-error xe-notice\' dir=\'ltr\' border=\'1\' cellspacing=\'0\' cellpadding=\'1\'>
<tr><th align=\'left\' bgcolor=\'#f57900\' colspan="5"><span style=\'background-color: #cc0000; color: #fce94f; font-size: x-large;\'>( ! )</span> Notice: Undefined offset: 1 in /Applications/XAMPP/xamppfiles/htdocs/web/camel/efast_wms/efast_api/boot/req_init.php on line <i>165</i></th></tr>
<tr><th align=\'left\' bgcolor=\'#e9b96e\' colspan=\'5\'>Call Stack</th></tr>
<tr><th align=\'center\' bgcolor=\'#eeeeec\'>#</th><th align=\'left\' bgcolor=\'#eeeeec\'>Time</th><th align=\'left\' bgcolor=\'#eeeeec\'>Memory</th><th align=\'left\' bgcolor=\'#eeeeec\'>Function</th><th align=\'left\' bgcolor=\'#eeeeec\'>Location</th></tr>
<tr><td bgcolor=\'#eeeeec\' align=\'center\'>1</td><td bgcolor=\'#eeeeec\' align=\'center\'>0.0004</td><td bgcolor=\'#eeeeec\' align=\'right\'>244488</td><td bgcolor=\'#eeeeec\'>{main}(  )</td><td title=\'/Applications/XAMPP/xamppfiles/htdocs/web/camel/efast_wms/efast_api/webservice/index.php\' bgcolor=\'#eeeeec\'>../index.php<b>:</b>0</td></tr>
<tr><td bgcolor=\'#eeeeec\' align=\'center\'>2</td><td bgcolor=\'#eeeeec\' align=\'center\'>0.0024</td><td bgcolor=\'#eeeeec\' align=\'right\'>577952</td><td bgcolor=\'#eeeeec\'>include( <font color=\'#00bb00\'>\'/Applications/XAMPP/xamppfiles/htdocs/web/camel/efast_wms/efast_api/boot/req_init.php\'</font> )</td><td title=\'/Applications/XAMPP/xamppfiles/htdocs/web/camel/efast_wms/efast_api/webservice/index.php\' bgcolor=\'#eeeeec\'>../index.php<b>:</b>18</td></tr>
<tr><td bgcolor=\'#eeeeec\' align=\'center\'>3</td><td bgcolor=\'#eeeeec\' align=\'center\'>0.0025</td><td bgcolor=\'#eeeeec\' align=\'right\'>579824</td><td bgcolor=\'#eeeeec\'>RequestContext->prepare_request_handle(  )</td><td title=\'/Applications/XAMPP/xamppfiles/htdocs/web/camel/efast_wms/efast_api/boot/req_init.php\' bgcolor=\'#eeeeec\'>../req_init.php<b>:</b>966</td></tr>
<tr><td bgcolor=\'#eeeeec\' align=\'center\'>4</td><td bgcolor=\'#eeeeec\' align=\'center\'>0.0025</td><td bgcolor=\'#eeeeec\' align=\'right\'>580184</td><td bgcolor=\'#eeeeec\'>RequestContext->parse_params_from_path(  )</td><td title=\'/Applications/XAMPP/xamppfiles/htdocs/web/camel/efast_wms/efast_api/boot/req_init.php\' bgcolor=\'#eeeeec\'>../req_init.php<b>:</b>239</td></tr>
</table></font>
'--res--END--

--param[2017-12-27 01:50:01]--
array (
  'app_fmt' => 'json',
  'app_act' => 'taobao_api/item_quantity_sync',
)
--res[2017-12-27 01:50:01]--
'<br />
<font size=\'1\'><table class=\'xdebug-error xe-notice\' dir=\'ltr\' border=\'1\' cellspacing=\'0\' cellpadding=\'1\'>
<tr><th align=\'left\' bgcolor=\'#f57900\' colspan="5"><span style=\'background-color: #cc0000; color: #fce94f; font-size: x-large;\'>( ! )</span> Notice: Undefined offset: 1 in /Applications/XAMPP/xamppfiles/htdocs/web/camel/efast_wms/efast_api/boot/req_init.php on line <i>165</i></th></tr>
<tr><th align=\'left\' bgcolor=\'#e9b96e\' colspan=\'5\'>Call Stack</th></tr>
<tr><th align=\'center\' bgcolor=\'#eeeeec\'>#</th><th align=\'left\' bgcolor=\'#eeeeec\'>Time</th><th align=\'left\' bgcolor=\'#eeeeec\'>Memory</th><th align=\'left\' bgcolor=\'#eeeeec\'>Function</th><th align=\'left\' bgcolor=\'#eeeeec\'>Location</th></tr>
<tr><td bgcolor=\'#eeeeec\' align=\'center\'>1</td><td bgcolor=\'#eeeeec\' align=\'center\'>0.0004</td><td bgcolor=\'#eeeeec\' align=\'right\'>244488</td><td bgcolor=\'#eeeeec\'>{main}(  )</td><td title=\'/Applications/XAMPP/xamppfiles/htdocs/web/camel/efast_wms/efast_api/webservice/index.php\' bgcolor=\'#eeeeec\'>../index.php<b>:</b>0</td></tr>
<tr><td bgcolor=\'#eeeeec\' align=\'center\'>2</td><td bgcolor=\'#eeeeec\' align=\'center\'>0.0026</td><td bgcolor=\'#eeeeec\' align=\'right\'>577952</td><td bgcolor=\'#eeeeec\'>include( <font color=\'#00bb00\'>\'/Applications/XAMPP/xamppfiles/htdocs/web/camel/efast_wms/efast_api/boot/req_init.php\'</font> )</td><td title=\'/Applications/XAMPP/xamppfiles/htdocs/web/camel/efast_wms/efast_api/webservice/index.php\' bgcolor=\'#eeeeec\'>../index.php<b>:</b>18</td></tr>
<tr><td bgcolor=\'#eeeeec\' align=\'center\'>3</td><td bgcolor=\'#eeeeec\' align=\'center\'>0.0027</td><td bgcolor=\'#eeeeec\' align=\'right\'>579824</td><td bgcolor=\'#eeeeec\'>RequestContext->prepare_request_handle(  )</td><td title=\'/Applications/XAMPP/xamppfiles/htdocs/web/camel/efast_wms/efast_api/boot/req_init.php\' bgcolor=\'#eeeeec\'>../req_init.php<b>:</b>966</td></tr>
<tr><td bgcolor=\'#eeeeec\' align=\'center\'>4</td><td bgcolor=\'#eeeeec\' align=\'center\'>0.0027</td><td bgcolor=\'#eeeeec\' align=\'right\'>580184</td><td bgcolor=\'#eeeeec\'>RequestContext->parse_params_from_path(  )</td><td title=\'/Applications/XAMPP/xamppfiles/htdocs/web/camel/efast_wms/efast_api/boot/req_init.php\' bgcolor=\'#eeeeec\'>../req_init.php<b>:</b>239</td></tr>
</table></font>
'--res--END--

--param[2017-12-27 01:50:30]--
array (
  'app_fmt' => 'json',
  'app_act' => 'taobao_api/item_quantity_sync',
)
--res[2017-12-27 01:50:30]--
'<br />
<font size=\'1\'><table class=\'xdebug-error xe-notice\' dir=\'ltr\' border=\'1\' cellspacing=\'0\' cellpadding=\'1\'>
<tr><th align=\'left\' bgcolor=\'#f57900\' colspan="5"><span style=\'background-color: #cc0000; color: #fce94f; font-size: x-large;\'>( ! )</span> Notice: Undefined offset: 1 in /Applications/XAMPP/xamppfiles/htdocs/web/camel/efast_wms/efast_api/boot/req_init.php on line <i>165</i></th></tr>
<tr><th align=\'left\' bgcolor=\'#e9b96e\' colspan=\'5\'>Call Stack</th></tr>
<tr><th align=\'center\' bgcolor=\'#eeeeec\'>#</th><th align=\'left\' bgcolor=\'#eeeeec\'>Time</th><th align=\'left\' bgcolor=\'#eeeeec\'>Memory</th><th align=\'left\' bgcolor=\'#eeeeec\'>Function</th><th align=\'left\' bgcolor=\'#eeeeec\'>Location</th></tr>
<tr><td bgcolor=\'#eeeeec\' align=\'center\'>1</td><td bgcolor=\'#eeeeec\' align=\'center\'>0.0005</td><td bgcolor=\'#eeeeec\' align=\'right\'>243184</td><td bgcolor=\'#eeeeec\'>{main}(  )</td><td title=\'/Applications/XAMPP/xamppfiles/htdocs/web/camel/efast_wms/efast_api/webservice/index.php\' bgcolor=\'#eeeeec\'>../index.php<b>:</b>0</td></tr>
<tr><td bgcolor=\'#eeeeec\' align=\'center\'>2</td><td bgcolor=\'#eeeeec\' align=\'center\'>0.0028</td><td bgcolor=\'#eeeeec\' align=\'right\'>577392</td><td bgcolor=\'#eeeeec\'>include( <font color=\'#00bb00\'>\'/Applications/XAMPP/xamppfiles/htdocs/web/camel/efast_wms/efast_api/boot/req_init.php\'</font> )</td><td title=\'/Applications/XAMPP/xamppfiles/htdocs/web/camel/efast_wms/efast_api/webservice/index.php\' bgcolor=\'#eeeeec\'>../index.php<b>:</b>18</td></tr>
<tr><td bgcolor=\'#eeeeec\' align=\'center\'>3</td><td bgcolor=\'#eeeeec\' align=\'center\'>0.0029</td><td bgcolor=\'#eeeeec\' align=\'right\'>579280</td><td bgcolor=\'#eeeeec\'>RequestContext->prepare_request_handle(  )</td><td title=\'/Applications/XAMPP/xamppfiles/htdocs/web/camel/efast_wms/efast_api/boot/req_init.php\' bgcolor=\'#eeeeec\'>../req_init.php<b>:</b>966</td></tr>
<tr><td bgcolor=\'#eeeeec\' align=\'center\'>4</td><td bgcolor=\'#eeeeec\' align=\'center\'>0.0029</td><td bgcolor=\'#eeeeec\' align=\'right\'>579640</td><td bgcolor=\'#eeeeec\'>RequestContext->parse_params_from_path(  )</td><td title=\'/Applications/XAMPP/xamppfiles/htdocs/web/camel/efast_wms/efast_api/boot/req_init.php\' bgcolor=\'#eeeeec\'>../req_init.php<b>:</b>239</td></tr>
</table></font>
hello'--res--END--

--param[2017-12-27 01:50:30]--
array (
  'app_fmt' => 'json',
  'app_act' => 'taobao_api/item_quantity_sync',
)
--res[2017-12-27 01:50:30]--
'<br />
<font size=\'1\'><table class=\'xdebug-error xe-notice\' dir=\'ltr\' border=\'1\' cellspacing=\'0\' cellpadding=\'1\'>
<tr><th align=\'left\' bgcolor=\'#f57900\' colspan="5"><span style=\'background-color: #cc0000; color: #fce94f; font-size: x-large;\'>( ! )</span> Notice: Undefined offset: 1 in /Applications/XAMPP/xamppfiles/htdocs/web/camel/efast_wms/efast_api/boot/req_init.php on line <i>165</i></th></tr>
<tr><th align=\'left\' bgcolor=\'#e9b96e\' colspan=\'5\'>Call Stack</th></tr>
<tr><th align=\'center\' bgcolor=\'#eeeeec\'>#</th><th align=\'left\' bgcolor=\'#eeeeec\'>Time</th><th align=\'left\' bgcolor=\'#eeeeec\'>Memory</th><th align=\'left\' bgcolor=\'#eeeeec\'>Function</th><th align=\'left\' bgcolor=\'#eeeeec\'>Location</th></tr>
<tr><td bgcolor=\'#eeeeec\' align=\'center\'>1</td><td bgcolor=\'#eeeeec\' align=\'center\'>0.0013</td><td bgcolor=\'#eeeeec\' align=\'right\'>243216</td><td bgcolor=\'#eeeeec\'>{main}(  )</td><td title=\'/Applications/XAMPP/xamppfiles/htdocs/web/camel/efast_wms/efast_api/webservice/index.php\' bgcolor=\'#eeeeec\'>../index.php<b>:</b>0</td></tr>
<tr><td bgcolor=\'#eeeeec\' align=\'center\'>2</td><td bgcolor=\'#eeeeec\' align=\'center\'>0.0044</td><td bgcolor=\'#eeeeec\' align=\'right\'>577360</td><td bgcolor=\'#eeeeec\'>include( <font color=\'#00bb00\'>\'/Applications/XAMPP/xamppfiles/htdocs/web/camel/efast_wms/efast_api/boot/req_init.php\'</font> )</td><td title=\'/Applications/XAMPP/xamppfiles/htdocs/web/camel/efast_wms/efast_api/webservice/index.php\' bgcolor=\'#eeeeec\'>../index.php<b>:</b>18</td></tr>
<tr><td bgcolor=\'#eeeeec\' align=\'center\'>3</td><td bgcolor=\'#eeeeec\' align=\'center\'>0.0046</td><td bgcolor=\'#eeeeec\' align=\'right\'>579232</td><td bgcolor=\'#eeeeec\'>RequestContext->prepare_request_handle(  )</td><td title=\'/Applications/XAMPP/xamppfiles/htdocs/web/camel/efast_wms/efast_api/boot/req_init.php\' bgcolor=\'#eeeeec\'>../req_init.php<b>:</b>966</td></tr>
<tr><td bgcolor=\'#eeeeec\' align=\'center\'>4</td><td bgcolor=\'#eeeeec\' align=\'center\'>0.0046</td><td bgcolor=\'#eeeeec\' align=\'right\'>579600</td><td bgcolor=\'#eeeeec\'>RequestContext->parse_params_from_path(  )</td><td title=\'/Applications/XAMPP/xamppfiles/htdocs/web/camel/efast_wms/efast_api/boot/req_init.php\' bgcolor=\'#eeeeec\'>../req_init.php<b>:</b>239</td></tr>
</table></font>
hello'--res--END--

--param[2017-12-27 23:46:31]--
array (
  'app_fmt' => 'json',
  'app_act' => 'taobao_api/item_quantity_sync',
)
--res[2017-12-27 23:46:31]--
'hello'--res--END--

--param[2017-12-27 23:46:31]--
array (
  'app_fmt' => 'json',
  'app_act' => 'taobao_api/item_quantity_sync',
)
--res[2017-12-27 23:46:31]--
'hello'--res--END--

--param[2017-12-27 23:53:53]--
array (
  'app_fmt' => 'json',
  'app_act' => 'taobao_api/item_quantity_sync',
)
--res[2017-12-27 23:53:53]--
'{"code":"1","msg":"success"}'--res--END--

--param[2017-12-27 23:53:53]--
array (
  'app_fmt' => 'json',
  'app_act' => 'taobao_api/item_quantity_sync',
)
--res[2017-12-27 23:53:53]--
'{"code":"1","msg":"success"}'--res--END--

--param[2017-12-27 23:53:55]--
array (
  'app_fmt' => 'json',
  'app_act' => 'taobao_api/item_quantity_sync',
)
--res[2017-12-27 23:53:55]--
'{"code":"1","msg":"success"}'--res--END--

--param[2017-12-27 23:53:55]--
array (
  'app_fmt' => 'json',
  'app_act' => 'taobao_api/item_quantity_sync',
)
--res[2017-12-27 23:53:55]--
'{"code":"1","msg":"success"}'--res--END--

--param[2017-12-27 23:58:21]--
array (
  'app_fmt' => 'json',
  'app_act' => 'taobao_api/item_quantity_sync',
)
--res[2017-12-27 23:58:21]--
'{"resp_data":{"code":"1","msg":"success"}}'--res--END--

--param[2017-12-28 00:00:06]--
array (
  'app_fmt' => 'json',
  'app_act' => 'taobao_api/item_quantity_sync',
)
--res[2017-12-28 00:00:06]--
'{"resp_data":{"code":"1","msg":"success"}}'--res--END--

--res[2017-12-28 00:00:06]--
'{"resp_data":{"code":"1","msg":"success"}}'--execute--END--

--param[2017-12-28 00:02:19]--
array (
  'app_fmt' => 'json',
  'app_act' => 'taobao_api/item_quantity_sync',
)
--res[2017-12-28 00:02:19]--
'{"resp_data":{"code":"1","msg":"success"}}'--res--END--

--res[2017-12-28 00:02:19]--
'{"resp_data":{"code":"1","msg":"success"}}'--execute--END--

--res[2017-12-28 00:02:19]--
array (
  'code' => '1',
  'msg' => 'success',
)--invoke--END--

--param[2017-12-28 00:05:34]--
array (
  'app_fmt' => 'json',
  'app_act' => 'taobao_api/item_quantity_sync',
)
--res[2017-12-28 00:05:34]--
'{"resp_data":{"code":"1","msg":"success"}}'--res--END--

--res[2017-12-28 00:05:34]--
'{"resp_data":{"code":"1","msg":"success"}}'--execute--END--

--res[2017-12-28 00:05:34]--
array (
  'code' => '1',
  'msg' => 'success',
)--invoke--END--

--res[2017-12-28 00:05:34]--
false--test()--END--

--param[2017-12-28 00:08:54]--
array (
  'app_fmt' => 'json',
  'app_act' => 'taobao_api/item_quantity_sync',
)
--res[2017-12-28 00:08:54]--
'{"resp_data":{"code":"1","msg":"success"}}'--res--END--

--res[2017-12-28 00:08:54]--
'{"resp_data":{"code":"1","msg":"success"}}'--execute--END--

--res[2017-12-28 00:08:54]--
array (
  'code' => '1',
  'msg' => 'success',
)--invoke--END--

--res[2017-12-28 00:08:54]--
array (
  'code' => '1',
  'msg' => 'success',
)--test()--END--

--param[2017-12-28 00:14:39]--
array (
  'app_fmt' => 'json',
  'app_act' => 'taobao_api/item_quantity_sync',
)
--res[2017-12-28 00:14:39]--
'<br />
<font size=\'1\'><table class=\'xdebug-error xe-notice\' dir=\'ltr\' border=\'1\' cellspacing=\'0\' cellpadding=\'1\'>
<tr><th align=\'left\' bgcolor=\'#f57900\' colspan="5"><span style=\'background-color: #cc0000; color: #fce94f; font-size: x-large;\'>( ! )</span> Notice: Undefined offset: 1 in /Applications/XAMPP/xamppfiles/htdocs/web/camel/efast_wms/efast_api/boot/req_init.php on line <i>165</i></th></tr>
<tr><th align=\'left\' bgcolor=\'#e9b96e\' colspan=\'5\'>Call Stack</th></tr>
<tr><th align=\'center\' bgcolor=\'#eeeeec\'>#</th><th align=\'left\' bgcolor=\'#eeeeec\'>Time</th><th align=\'left\' bgcolor=\'#eeeeec\'>Memory</th><th align=\'left\' bgcolor=\'#eeeeec\'>Function</th><th align=\'left\' bgcolor=\'#eeeeec\'>Location</th></tr>
<tr><td bgcolor=\'#eeeeec\' align=\'center\'>1</td><td bgcolor=\'#eeeeec\' align=\'center\'>0.0008</td><td bgcolor=\'#eeeeec\' align=\'right\'>244352</td><td bgcolor=\'#eeeeec\'>{main}(  )</td><td title=\'/Applications/XAMPP/xamppfiles/htdocs/web/camel/efast_wms/efast_api/webservice/index.php\' bgcolor=\'#eeeeec\'>../index.php<b>:</b>0</td></tr>
<tr><td bgcolor=\'#eeeeec\' align=\'center\'>2</td><td bgcolor=\'#eeeeec\' align=\'center\'>0.0629</td><td bgcolor=\'#eeeeec\' align=\'right\'>577856</td><td bgcolor=\'#eeeeec\'>include( <font color=\'#00bb00\'>\'/Applications/XAMPP/xamppfiles/htdocs/web/camel/efast_wms/efast_api/boot/req_init.php\'</font> )</td><td title=\'/Applications/XAMPP/xamppfiles/htdocs/web/camel/efast_wms/efast_api/webservice/index.php\' bgcolor=\'#eeeeec\'>../index.php<b>:</b>18</td></tr>
<tr><td bgcolor=\'#eeeeec\' align=\'center\'>3</td><td bgcolor=\'#eeeeec\' align=\'center\'>0.0634</td><td bgcolor=\'#eeeeec\' align=\'right\'>579728</td><td bgcolor=\'#eeeeec\'>RequestContext->prepare_request_handle(  )</td><td title=\'/Applications/XAMPP/xamppfiles/htdocs/web/camel/efast_wms/efast_api/boot/req_init.php\' bgcolor=\'#eeeeec\'>../req_init.php<b>:</b>966</td></tr>
<tr><td bgcolor=\'#eeeeec\' align=\'center\'>4</td><td bgcolor=\'#eeeeec\' align=\'center\'>0.0635</td><td bgcolor=\'#eeeeec\' align=\'right\'>580096</td><td bgcolor=\'#eeeeec\'>RequestContext->parse_params_from_path(  )</td><td title=\'/Applications/XAMPP/xamppfiles/htdocs/web/camel/efast_wms/efast_api/boot/req_init.php\' bgcolor=\'#eeeeec\'>../req_init.php<b>:</b>239</td></tr>
</table></font>
'--res--END--

--res[2017-12-28 00:14:40]--
'<br />
<font size=\'1\'><table class=\'xdebug-error xe-notice\' dir=\'ltr\' border=\'1\' cellspacing=\'0\' cellpadding=\'1\'>
<tr><th align=\'left\' bgcolor=\'#f57900\' colspan="5"><span style=\'background-color: #cc0000; color: #fce94f; font-size: x-large;\'>( ! )</span> Notice: Undefined offset: 1 in /Applications/XAMPP/xamppfiles/htdocs/web/camel/efast_wms/efast_api/boot/req_init.php on line <i>165</i></th></tr>
<tr><th align=\'left\' bgcolor=\'#e9b96e\' colspan=\'5\'>Call Stack</th></tr>
<tr><th align=\'center\' bgcolor=\'#eeeeec\'>#</th><th align=\'left\' bgcolor=\'#eeeeec\'>Time</th><th align=\'left\' bgcolor=\'#eeeeec\'>Memory</th><th align=\'left\' bgcolor=\'#eeeeec\'>Function</th><th align=\'left\' bgcolor=\'#eeeeec\'>Location</th></tr>
<tr><td bgcolor=\'#eeeeec\' align=\'center\'>1</td><td bgcolor=\'#eeeeec\' align=\'center\'>0.0008</td><td bgcolor=\'#eeeeec\' align=\'right\'>244352</td><td bgcolor=\'#eeeeec\'>{main}(  )</td><td title=\'/Applications/XAMPP/xamppfiles/htdocs/web/camel/efast_wms/efast_api/webservice/index.php\' bgcolor=\'#eeeeec\'>../index.php<b>:</b>0</td></tr>
<tr><td bgcolor=\'#eeeeec\' align=\'center\'>2</td><td bgcolor=\'#eeeeec\' align=\'center\'>0.0629</td><td bgcolor=\'#eeeeec\' align=\'right\'>577856</td><td bgcolor=\'#eeeeec\'>include( <font color=\'#00bb00\'>\'/Applications/XAMPP/xamppfiles/htdocs/web/camel/efast_wms/efast_api/boot/req_init.php\'</font> )</td><td title=\'/Applications/XAMPP/xamppfiles/htdocs/web/camel/efast_wms/efast_api/webservice/index.php\' bgcolor=\'#eeeeec\'>../index.php<b>:</b>18</td></tr>
<tr><td bgcolor=\'#eeeeec\' align=\'center\'>3</td><td bgcolor=\'#eeeeec\' align=\'center\'>0.0634</td><td bgcolor=\'#eeeeec\' align=\'right\'>579728</td><td bgcolor=\'#eeeeec\'>RequestContext->prepare_request_handle(  )</td><td title=\'/Applications/XAMPP/xamppfiles/htdocs/web/camel/efast_wms/efast_api/boot/req_init.php\' bgcolor=\'#eeeeec\'>../req_init.php<b>:</b>966</td></tr>
<tr><td bgcolor=\'#eeeeec\' align=\'center\'>4</td><td bgcolor=\'#eeeeec\' align=\'center\'>0.0635</td><td bgcolor=\'#eeeeec\' align=\'right\'>580096</td><td bgcolor=\'#eeeeec\'>RequestContext->parse_params_from_path(  )</td><td title=\'/Applications/XAMPP/xamppfiles/htdocs/web/camel/efast_wms/efast_api/boot/req_init.php\' bgcolor=\'#eeeeec\'>../req_init.php<b>:</b>239</td></tr>
</table></font>
'--execute--END--

--param[2017-12-28 00:14:40]--
array (
  'app_fmt' => 'json',
  'app_act' => 'taobao_api/item_quantity_sync',
)
--res[2017-12-28 00:14:40]--
'<br />
<font size=\'1\'><table class=\'xdebug-error xe-notice\' dir=\'ltr\' border=\'1\' cellspacing=\'0\' cellpadding=\'1\'>
<tr><th align=\'left\' bgcolor=\'#f57900\' colspan="5"><span style=\'background-color: #cc0000; color: #fce94f; font-size: x-large;\'>( ! )</span> Notice: Undefined offset: 1 in /Applications/XAMPP/xamppfiles/htdocs/web/camel/efast_wms/efast_api/boot/req_init.php on line <i>165</i></th></tr>
<tr><th align=\'left\' bgcolor=\'#e9b96e\' colspan=\'5\'>Call Stack</th></tr>
<tr><th align=\'center\' bgcolor=\'#eeeeec\'>#</th><th align=\'left\' bgcolor=\'#eeeeec\'>Time</th><th align=\'left\' bgcolor=\'#eeeeec\'>Memory</th><th align=\'left\' bgcolor=\'#eeeeec\'>Function</th><th align=\'left\' bgcolor=\'#eeeeec\'>Location</th></tr>
<tr><td bgcolor=\'#eeeeec\' align=\'center\'>1</td><td bgcolor=\'#eeeeec\' align=\'center\'>0.0005</td><td bgcolor=\'#eeeeec\' align=\'right\'>244352</td><td bgcolor=\'#eeeeec\'>{main}(  )</td><td title=\'/Applications/XAMPP/xamppfiles/htdocs/web/camel/efast_wms/efast_api/webservice/index.php\' bgcolor=\'#eeeeec\'>../index.php<b>:</b>0</td></tr>
<tr><td bgcolor=\'#eeeeec\' align=\'center\'>2</td><td bgcolor=\'#eeeeec\' align=\'center\'>0.0031</td><td bgcolor=\'#eeeeec\' align=\'right\'>577856</td><td bgcolor=\'#eeeeec\'>include( <font color=\'#00bb00\'>\'/Applications/XAMPP/xamppfiles/htdocs/web/camel/efast_wms/efast_api/boot/req_init.php\'</font> )</td><td title=\'/Applications/XAMPP/xamppfiles/htdocs/web/camel/efast_wms/efast_api/webservice/index.php\' bgcolor=\'#eeeeec\'>../index.php<b>:</b>18</td></tr>
<tr><td bgcolor=\'#eeeeec\' align=\'center\'>3</td><td bgcolor=\'#eeeeec\' align=\'center\'>0.0033</td><td bgcolor=\'#eeeeec\' align=\'right\'>579728</td><td bgcolor=\'#eeeeec\'>RequestContext->prepare_request_handle(  )</td><td title=\'/Applications/XAMPP/xamppfiles/htdocs/web/camel/efast_wms/efast_api/boot/req_init.php\' bgcolor=\'#eeeeec\'>../req_init.php<b>:</b>966</td></tr>
<tr><td bgcolor=\'#eeeeec\' align=\'center\'>4</td><td bgcolor=\'#eeeeec\' align=\'center\'>0.0033</td><td bgcolor=\'#eeeeec\' align=\'right\'>580096</td><td bgcolor=\'#eeeeec\'>RequestContext->parse_params_from_path(  )</td><td title=\'/Applications/XAMPP/xamppfiles/htdocs/web/camel/efast_wms/efast_api/boot/req_init.php\' bgcolor=\'#eeeeec\'>../req_init.php<b>:</b>239</td></tr>
</table></font>
'--res--END--

--res[2017-12-28 00:14:40]--
'<br />
<font size=\'1\'><table class=\'xdebug-error xe-notice\' dir=\'ltr\' border=\'1\' cellspacing=\'0\' cellpadding=\'1\'>
<tr><th align=\'left\' bgcolor=\'#f57900\' colspan="5"><span style=\'background-color: #cc0000; color: #fce94f; font-size: x-large;\'>( ! )</span> Notice: Undefined offset: 1 in /Applications/XAMPP/xamppfiles/htdocs/web/camel/efast_wms/efast_api/boot/req_init.php on line <i>165</i></th></tr>
<tr><th align=\'left\' bgcolor=\'#e9b96e\' colspan=\'5\'>Call Stack</th></tr>
<tr><th align=\'center\' bgcolor=\'#eeeeec\'>#</th><th align=\'left\' bgcolor=\'#eeeeec\'>Time</th><th align=\'left\' bgcolor=\'#eeeeec\'>Memory</th><th align=\'left\' bgcolor=\'#eeeeec\'>Function</th><th align=\'left\' bgcolor=\'#eeeeec\'>Location</th></tr>
<tr><td bgcolor=\'#eeeeec\' align=\'center\'>1</td><td bgcolor=\'#eeeeec\' align=\'center\'>0.0005</td><td bgcolor=\'#eeeeec\' align=\'right\'>244352</td><td bgcolor=\'#eeeeec\'>{main}(  )</td><td title=\'/Applications/XAMPP/xamppfiles/htdocs/web/camel/efast_wms/efast_api/webservice/index.php\' bgcolor=\'#eeeeec\'>../index.php<b>:</b>0</td></tr>
<tr><td bgcolor=\'#eeeeec\' align=\'center\'>2</td><td bgcolor=\'#eeeeec\' align=\'center\'>0.0031</td><td bgcolor=\'#eeeeec\' align=\'right\'>577856</td><td bgcolor=\'#eeeeec\'>include( <font color=\'#00bb00\'>\'/Applications/XAMPP/xamppfiles/htdocs/web/camel/efast_wms/efast_api/boot/req_init.php\'</font> )</td><td title=\'/Applications/XAMPP/xamppfiles/htdocs/web/camel/efast_wms/efast_api/webservice/index.php\' bgcolor=\'#eeeeec\'>../index.php<b>:</b>18</td></tr>
<tr><td bgcolor=\'#eeeeec\' align=\'center\'>3</td><td bgcolor=\'#eeeeec\' align=\'center\'>0.0033</td><td bgcolor=\'#eeeeec\' align=\'right\'>579728</td><td bgcolor=\'#eeeeec\'>RequestContext->prepare_request_handle(  )</td><td title=\'/Applications/XAMPP/xamppfiles/htdocs/web/camel/efast_wms/efast_api/boot/req_init.php\' bgcolor=\'#eeeeec\'>../req_init.php<b>:</b>966</td></tr>
<tr><td bgcolor=\'#eeeeec\' align=\'center\'>4</td><td bgcolor=\'#eeeeec\' align=\'center\'>0.0033</td><td bgcolor=\'#eeeeec\' align=\'right\'>580096</td><td bgcolor=\'#eeeeec\'>RequestContext->parse_params_from_path(  )</td><td title=\'/Applications/XAMPP/xamppfiles/htdocs/web/camel/efast_wms/efast_api/boot/req_init.php\' bgcolor=\'#eeeeec\'>../req_init.php<b>:</b>239</td></tr>
</table></font>
'--execute--END--

--res[2017-12-28 00:14:40]--
false--test()--END--
